Arguments: 
  C:\Program Files\nodejs\node.exe C:\Program Files (x86)\Yarn\bin\yarn.js add expo

PATH: 
  C:\Program Files\cmder\vendor\conemu-maximus5\ConEmu\Scripts;C:\Program Files\cmder\vendor\conemu-maximus5;C:\Program Files\cmder\vendor\conemu-maximus5\ConEmu;C:\Python38\Scripts\;C:\Python38\;"C:\Android\tools\bin\platform-tools;";"C:\ProgramData\Oracle\Java\javapath;";C:\Program Files (x86)\Intel\iCLS Client\;C:\Program Files\Intel\iCLS Client\;"C:\WINDOWS\system32;";C:\WINDOWS;"C:\WINDOWS\System32\Wbem;";C:\WINDOWS\System32\WindowsPowerShell\v1.0\;C:\Program Files (x86)\Intel\Intel(R) Management Engine Components\DAL;C:\Program Files\Intel\Intel(R) Management Engine Components\DAL;C:\Program Files (x86)\Intel\Intel(R) Management Engine Components\IPT;C:\Program Files\Intel\Intel(R) Management Engine Components\IPT;"C:\Program Files\Git\cmd;";C:\Program Files (x86)\Yarn\bin\;"C:\WINDOWS\system32;";"C:\WINDOWS\System32\WindowsPowerShell\v1.0;C:\MinGW\bin;C:\MinGW\MSYS\1.0\bin;C:\ProgramData\chocolatey\bin;C:\WINDOWS\System32\OpenSSH\;C:\Program Files\PuTTY\;C:\Program Files\Microsoft VS Code\bin;C:\Program Files (x86)\Bitvise SSH Client;C:\Program Files\apache-maven-3.6.0\bin;C:\Program Files\Java\jdk-12.0.1\bin;C:\Program Files (x86)\Microsoft SQL Server\150\DTS\Binn\;C:\Program Files\Microsoft SQL Server\110\Tools\Binn\";"C:\Program Files (x86)\Common Files\Oracle\Java\javapath;";"C:\Program Files\nodejs\node.exe;";C:\Program Files\nodejs\;C:\Program Files\nodejs\node_modules\npm\bin;C:\Program Files\Git\cmd;C:\Users\adrib\AppData\Local\Programs\Python\Python37\Scripts\;C:\Users\adrib\AppData\Local\Programs\Python\Python37\;C:\Users\adrib\AppData\Local\Microsoft\WindowsApps;C:\Program Files\Microsoft VS Code\bin;C:\Users\adrib\AppData\Local\GitHubDesktop\bin;C:\Users\adrib\AppData\Local\Yarn\bin;C:\Users\adrib\AppData\Local\Android\Sdk\platform-tools;C:\Users\adrib\AppData\Local\Android\Sdk\tools;C:\Users\adrib\AppData\Local\Microsoft\WindowsApps;C:\Program Files\JetBrains\IntelliJ IDEA 2019.1\bin;;C:\Users\adrib\AppData\Roaming\npm;

Yarn version: 
  1.5.1

Node version: 
  14.10.1

Platform: 
  win32 x64

npm manifest: 
  {
    "name": "moneymanager",
    "version": "1.0.0",
    "description": "",
    "main": "index.js",
    "scripts": {
      "test": "echo \"Error: no test specified\" && exit 1"
    },
    "repository": {
      "type": "git",
      "url": "git+https://github.com/AdriBusse/MoneyManager.git"
    },
    "author": "",
    "license": "ISC",
    "bugs": {
      "url": "https://github.com/AdriBusse/MoneyManager/issues"
    },
    "homepage": "https://github.com/AdriBusse/MoneyManager#readme",
    "dependencies": {}
  }

yarn manifest: 
  No manifest

Lockfile: 
  No lockfile

Trace: 
  Error: EPERM: operation not permitted, copyfile 'C:\Users\adrib\AppData\Local\Yarn\Cache\v1\npm-@expo\vector-icons-10.2.1-47fb2fa12d7ad601835babde6bd3ddea7f6fde89\website-screenshot.png' -> 'C:\Users\adrib\Documents\Projekte\MoneyManager\node_modules\@expo\vector-icons\website-screenshot.png'
